0 info it worked if it ends with ok
1 verbose cli [ '/home/omer/.local/share/umake/nodejs/nodejs-lang/bin/node',
1 verbose cli   '/home/omer/.local/share/umake/nodejs/nodejs-lang/bin/npm',
1 verbose cli   'start' ]
2 info using npm@3.10.8
3 info using node@v6.0.0
4 verbose run-script [ 'prestart', 'start', 'poststart' ]
5 info lifecycle kurento-one2many-call@6.6.1-dev~prestart: kurento-one2many-call@6.6.1-dev
6 silly lifecycle kurento-one2many-call@6.6.1-dev~prestart: no script for prestart, continuing
7 info lifecycle kurento-one2many-call@6.6.1-dev~start: kurento-one2many-call@6.6.1-dev
8 verbose lifecycle kurento-one2many-call@6.6.1-dev~start: unsafe-perm in lifecycle true
9 verbose lifecycle kurento-one2many-call@6.6.1-dev~start: PATH: /home/omer/.local/share/umake/nodejs/nodejs-lang/lib/node_modules/npm/bin/node-gyp-bin:/home/omer/kurento-tutorial-node/kurento-one2many-call/node_modules/.bin:/home/omer/anaconda3/bin:/home/omer/anaconda2/bin:/home/omer/.local/share/umake/bin:/home/omer/.local/share/umake/nodejs/nodejs-lang/bin:/home/omer/.node_modules/bin:/usr/local/sbin:/usr/local/bin:/usr/sbin:/usr/bin:/sbin:/bin:/usr/games:/usr/local/games:/snap/bin:/usr/lib/jvm/java-8-oracle/bin:/usr/lib/jvm/java-8-oracle/db/bin:/usr/lib/jvm/java-8-oracle/jre/bin
10 verbose lifecycle kurento-one2many-call@6.6.1-dev~start: CWD: /home/omer/kurento-tutorial-node/kurento-one2many-call
11 silly lifecycle kurento-one2many-call@6.6.1-dev~start: Args: [ '-c', 'node server.js' ]
12 silly lifecycle kurento-one2many-call@6.6.1-dev~start: Returned: code: 1  signal: null
13 info lifecycle kurento-one2many-call@6.6.1-dev~start: Failed to exec start script
14 verbose stack Error: kurento-one2many-call@6.6.1-dev start: `node server.js`
14 verbose stack Exit status 1
14 verbose stack     at EventEmitter.<anonymous> (/home/omer/.local/share/umake/nodejs/nodejs-lang/lib/node_modules/npm/lib/utils/lifecycle.js:255:16)
14 verbose stack     at emitTwo (events.js:106:13)
14 verbose stack     at EventEmitter.emit (events.js:191:7)
14 verbose stack     at ChildProcess.<anonymous> (/home/omer/.local/share/umake/nodejs/nodejs-lang/lib/node_modules/npm/lib/utils/spawn.js:40:14)
14 verbose stack     at emitTwo (events.js:106:13)
14 verbose stack     at ChildProcess.emit (events.js:191:7)
14 verbose stack     at maybeClose (internal/child_process.js:850:16)
14 verbose stack     at Process.ChildProcess._handle.onexit (internal/child_process.js:215:5)
15 verbose pkgid kurento-one2many-call@6.6.1-dev
16 verbose cwd /home/omer/kurento-tutorial-node/kurento-one2many-call
17 error Linux 4.4.0-38-generic
18 error argv "/home/omer/.local/share/umake/nodejs/nodejs-lang/bin/node" "/home/omer/.local/share/umake/nodejs/nodejs-lang/bin/npm" "start"
19 error node v6.0.0
20 error npm  v3.10.8
21 error code ELIFECYCLE
22 error kurento-one2many-call@6.6.1-dev start: `node server.js`
22 error Exit status 1
23 error Failed at the kurento-one2many-call@6.6.1-dev start script 'node server.js'.
23 error Make sure you have the latest version of node.js and npm installed.
23 error If you do, this is most likely a problem with the kurento-one2many-call package,
23 error not with npm itself.
23 error Tell the author that this fails on your system:
23 error     node server.js
23 error You can get information on how to open an issue for this project with:
23 error     npm bugs kurento-one2many-call
23 error Or if that isn't available, you can get their info via:
23 error     npm owner ls kurento-one2many-call
23 error There is likely additional logging output above.
24 verbose exit [ 1, true ]
